<?xml version="1.0" encoding="UTF-8"?>
<!-- Generated by org.testng.reporters.JUnitReportReporter -->
<testsuite skipped="0" hostname="dimpy" name="testcase.Nukarilogin" tests="2" failures="0" timestamp="29 Sep 2019 10:08:28 GMT" time="2.639" errors="0">
  <testcase name="home" time="0.057" classname="testcase.Nukarilogin"/>
  <testcase name="login" time="2.582" classname="testcase.Nukarilogin"/>
</testsuite> <!-- testcase.Nukarilogin -->
